<?xml version="1.0" encoding="UTF-8"?>
<!-- Generated by org.testng.reporters.JUnitReportReporter -->
<testsuite hostname="LAPTOP-RQ5ADVUS" failures="0" tests="3" name="leaders.joWebsite.myTestCases" time="25.360" errors="0" timestamp="2024-03-25T23:17:26 EET" skipped="0">
  <testcase classname="leaders.joWebsite.myTestCases" name="addToTheCart" time="7.092"/>
  <system-out/>
  <testcase classname="leaders.joWebsite.myTestCases" name="signup" time="10.666"/>
  <system-out/>
  <testcase classname="leaders.joWebsite.myTestCases" name="changePassword" time="7.602"/>
  <system-out/>
</testsuite> <!-- leaders.joWebsite.myTestCases -->
